INFO 2025-09-09 00:11:21,923 autoreload 15700 14468 Watching for file changes with StatReloader
INFO 2025-09-09 00:11:45,586 autoreload 16968 23048 Watching for file changes with StatReloader
INFO 2025-09-09 00:12:35,221 autoreload 7732 12492 Watching for file changes with StatReloader
INFO 2025-09-09 00:13:06,861 autoreload 5576 15768 Watching for file changes with StatReloader
INFO 2025-09-09 00:13:40,834 autoreload 12212 18652 Watching for file changes with StatReloader
INFO 2025-09-09 00:14:21,079 autoreload 12212 18652 D:\project\uni\backend\config\settings.py changed, reloading.
INFO 2025-09-09 00:14:21,506 autoreload 8284 4068 Watching for file changes with StatReloader
INFO 2025-09-09 00:14:22,705 autoreload 8284 4068 D:\project\uni\backend\apps\courses\serializers.py changed, reloading.
INFO 2025-09-09 00:14:23,131 autoreload 22468 11540 Watching for file changes with StatReloader
INFO 2025-09-09 00:20:38,968 autoreload 22468 11540 D:\project\uni\backend\config\settings.py changed, reloading.
INFO 2025-09-09 00:23:23,234 autoreload 2608 26540 Watching for file changes with StatReloader
INFO 2025-09-09 00:23:57,417 autoreload 2608 26540 D:\project\uni\backend\apps\grades\models.py changed, reloading.
INFO 2025-09-09 00:23:57,856 autoreload 10992 7152 Watching for file changes with StatReloader
INFO 2025-09-09 00:23:59,091 autoreload 10992 7152 D:\project\uni\backend\apps\attendance\serializers.py changed, reloading.
INFO 2025-09-09 00:23:59,561 autoreload 23420 9896 Watching for file changes with StatReloader
INFO 2025-09-09 00:27:56,728 autoreload 16276 21648 Watching for file changes with StatReloader
INFO 2025-09-09 00:29:25,310 autoreload 16276 21648 D:\project\uni\backend\config\settings.py changed, reloading.
INFO 2025-09-09 00:29:25,749 autoreload 24068 2720 Watching for file changes with StatReloader
INFO 2025-09-09 00:32:05,654 autoreload 24068 2720 D:\project\uni\backend\config\settings.py changed, reloading.
INFO 2025-09-09 00:32:06,258 autoreload 1388 12372 Watching for file changes with StatReloader
INFO 2025-09-09 00:32:07,483 autoreload 1388 12372 D:\project\uni\backend\config\api_urls.py changed, reloading.
INFO 2025-09-09 00:32:07,957 autoreload 17524 10620 Watching for file changes with StatReloader
INFO 2025-09-09 00:32:11,157 autoreload 17524 10620 D:\project\uni\backend\config\settings.py changed, reloading.
INFO 2025-09-09 00:32:11,615 autoreload 11540 9360 Watching for file changes with StatReloader
INFO 2025-09-09 00:32:15,864 autoreload 11540 9360 D:\project\uni\backend\config\settings.py changed, reloading.
INFO 2025-09-09 00:32:16,277 autoreload 15444 23652 Watching for file changes with StatReloader
INFO 2025-09-09 00:32:17,441 autoreload 15444 23652 D:\project\uni\backend\config\settings.py changed, reloading.
INFO 2025-09-09 00:32:17,822 autoreload 11520 27288 Watching for file changes with StatReloader
INFO 2025-09-09 00:32:20,007 autoreload 11520 27288 D:\project\uni\backend\config\settings.py changed, reloading.
INFO 2025-09-09 00:32:20,373 autoreload 16712 8328 Watching for file changes with StatReloader
INFO 2025-09-09 00:33:18,424 autoreload 27564 17412 Watching for file changes with StatReloader
INFO 2025-09-09 00:39:37,789 autoreload 27328 26432 Watching for file changes with StatReloader
INFO 2025-09-09 00:40:52,277 autoreload 25988 7224 Watching for file changes with StatReloader
